[Net_10]
	Net(
  (features): Sequential(
    (conv1): Conv2d(3, 16, kernel_size=(3, 3), stride=(1, 1), padding=(1, 1))
    (relu1): ReLU()
    (conv2): Conv2d(16, 32, kernel_size=(3, 3), stride=(1, 1), padding=(1, 1))
    (batchNorm1): BatchNorm2d(32, eps=1e-05, momentum=0.1, affine=True, track_running_stats=True)
    (relu2): ReLU()
    (pool1): MaxPool2d(kernel_size=3, stride=2, padding=1, dilation=1, ceil_mode=False)
    (conv3): Conv2d(32, 64, kernel_size=(3, 3), stride=(1, 1), padding=(1, 1))
    (batchNorm2): BatchNorm2d(64, eps=1e-05, momentum=0.1, affine=True, track_running_stats=True)
    (relu3): ReLU()
    (pool2): MaxPool2d(kernel_size=3, stride=2, padding=1, dilation=1, ceil_mode=False)
    (conv4): Conv2d(64, 128, kernel_size=(3, 3), stride=(1, 1), padding=(1, 1))
    (relu4): ReLU()
    (conv5): Conv2d(128, 256, kernel_size=(3, 3), stride=(1, 1), padding=(1, 1))
    (batchNorm3): BatchNorm2d(256, eps=1e-05, momentum=0.1, affine=True, track_running_stats=True)
    (relu5): ReLU()
  )
  (classifier): Sequential(
    (dropout): Dropout(p=0.2, inplace=False)
    (fc): Linear(in_features=16384, out_features=10, bias=True)
  )
)
	valid training loss: 0.20012
	valid training accuracy 0.955275
	min validation loss: 0.4666,
	best validation accuracy: 0.8488,
	time: 2060.457156419754 s